[13-Aug-2015 15:54:53 UTC] probando los logs
[13-Aug-2015 16:06:26 UTC] probando los logs
[13-Aug-2015 18:06:52 UTC] PHP Warning:  require(/home/u552036743/public_html/miCarpeta/vendor/swiftmailer/swiftmailer/lib/classes/Swift.php): failed to open stream: No such file or directory in /home/u552036743/public_html/miCarpeta/vendor/swiftmailer/swiftmailer/lib/swift_required.php on line 20
[13-Aug-2015 18:06:52 UTC] PHP Fatal error:  require(): Failed opening required '/home/u552036743/public_html/miCarpeta/vendor/swiftmailer/swiftmailer/lib/classes/Swift.php' (include_path='.:/opt/php-5.5/pear') in /home/u552036743/public_html/miCarpeta/vendor/swiftmailer/swiftmailer/lib/swift_required.php on line 20
[13-Aug-2015 18:06:59 UTC] PHP Warning:  require(/home/u552036743/public_html/miCarpeta/vendor/swiftmailer/swiftmailer/lib/classes/Swift.php): failed to open stream: No such file or directory in /home/u552036743/public_html/miCarpeta/vendor/swiftmailer/swiftmailer/lib/swift_required.php on line 20
[13-Aug-2015 18:06:59 UTC] PHP Fatal error:  require(): Failed opening required '/home/u552036743/public_html/miCarpeta/vendor/swiftmailer/swiftmailer/lib/classes/Swift.php' (include_path='.:/opt/php-5.5/pear') in /home/u552036743/public_html/miCarpeta/vendor/swiftmailer/swiftmailer/lib/swift_required.php on line 20
[13-Aug-2015 18:07:03 UTC] PHP Warning:  require(/home/u552036743/public_html/miCarpeta/vendor/swiftmailer/swiftmailer/lib/classes/Swift.php): failed to open stream: No such file or directory in /home/u552036743/public_html/miCarpeta/vendor/swiftmailer/swiftmailer/lib/swift_required.php on line 20
[13-Aug-2015 18:07:03 UTC] PHP Fatal error:  require(): Failed opening required '/home/u552036743/public_html/miCarpeta/vendor/swiftmailer/swiftmailer/lib/classes/Swift.php' (include_path='.:/opt/php-5.5/pear') in /home/u552036743/public_html/miCarpeta/vendor/swiftmailer/swiftmailer/lib/swift_required.php on line 20
[13-Aug-2015 18:12:01 UTC] PHP Warning:  require(/home/u552036743/public_html/miCarpeta/web/../config/web.php): failed to open stream: No such file or directory in /home/u552036743/public_html/miCarpeta/web/index.php on line 10
[13-Aug-2015 18:12:01 UTC] PHP Fatal error:  require(): Failed opening required '/home/u552036743/public_html/miCarpeta/web/../config/web.php' (include_path='.:/opt/php-5.5/pear') in /home/u552036743/public_html/miCarpeta/web/index.php on line 10
[13-Aug-2015 18:12:03 UTC] PHP Warning:  require(/home/u552036743/public_html/miCarpeta/web/../config/web.php): failed to open stream: No such file or directory in /home/u552036743/public_html/miCarpeta/web/index.php on line 10
[13-Aug-2015 18:12:03 UTC] PHP Fatal error:  require(): Failed opening required '/home/u552036743/public_html/miCarpeta/web/../config/web.php' (include_path='.:/opt/php-5.5/pear') in /home/u552036743/public_html/miCarpeta/web/index.php on line 10
[13-Aug-2015 18:14:03 UTC] PHP Warning:  require(/home/u552036743/public_html/miCarpeta/web/../config/web.php): failed to open stream: No such file or directory in /home/u552036743/public_html/miCarpeta/web/index.php on line 10
[13-Aug-2015 18:14:03 UTC] PHP Fatal error:  require(): Failed opening required '/home/u552036743/public_html/miCarpeta/web/../config/web.php' (include_path='.:/opt/php-5.5/pear') in /home/u552036743/public_html/miCarpeta/web/index.php on line 10
[13-Aug-2015 18:21:22 UTC] PHP Warning:  require(/home/u552036743/public_html/miCarpeta/web/../config/web.php): failed to open stream: No such file or directory in /home/u552036743/public_html/miCarpeta/web/index.php on line 10
[13-Aug-2015 18:21:22 UTC] PHP Fatal error:  require(): Failed opening required '/home/u552036743/public_html/miCarpeta/web/../config/web.php' (include_path='.:/opt/php-5.5/pear') in /home/u552036743/public_html/miCarpeta/web/index.php on line 10
[13-Aug-2015 18:21:59 UTC] PHP Warning:  require(/home/u552036743/public_html/miCarpeta/web/../config/web.php): failed to open stream: No such file or directory in /home/u552036743/public_html/miCarpeta/web/index.php on line 10
[13-Aug-2015 18:21:59 UTC] PHP Fatal error:  require(): Failed opening required '/home/u552036743/public_html/miCarpeta/web/../config/web.php' (include_path='.:/opt/php-5.5/pear') in /home/u552036743/public_html/miCarpeta/web/index.php on line 10
[13-Aug-2015 18:22:08 UTC] PHP Fatal error:  Class 'app\assets\AppAsset' not found in /home/u552036743/public_html/miCarpeta/views/layouts/main.php on line 14
[13-Aug-2015 21:42:01 UTC] DEBUG: dni00000001R
[13-Aug-2015 21:42:01 UTC] DEBUG: letra R
[13-Aug-2015 21:42:01 UTC] DEBUG: numeros 00000001
[13-Aug-2015 21:42:02 UTC] DEBUG: dni00000001R
[13-Aug-2015 21:42:02 UTC] DEBUG: letra R
[13-Aug-2015 21:42:02 UTC] DEBUG: numeros 00000001
[13-Aug-2015 21:42:02 UTC] DEBUG: dni00000001R
[13-Aug-2015 21:42:02 UTC] DEBUG: letra R
[13-Aug-2015 21:42:02 UTC] DEBUG: numeros 00000001
[13-Aug-2015 21:42:05 UTC] DEBUG: dni00000001R
[13-Aug-2015 21:42:05 UTC] DEBUG: letra R
[13-Aug-2015 21:42:05 UTC] DEBUG: numeros 00000001
[13-Aug-2015 21:42:17 UTC] DEBUG: dni00000001R
[13-Aug-2015 21:42:17 UTC] DEBUG: letra R
[13-Aug-2015 21:42:17 UTC] DEBUG: numeros 00000001
[13-Aug-2015 21:42:32 UTC] DEBUG: dni00000001R
[13-Aug-2015 21:42:32 UTC] DEBUG: letra R
[13-Aug-2015 21:42:32 UTC] DEBUG: numeros 00000001
[13-Aug-2015 21:42:41 UTC] DEBUG: dni00000001R
[13-Aug-2015 21:42:41 UTC] DEBUG: letra R
[13-Aug-2015 21:42:41 UTC] DEBUG: numeros 00000001
[13-Aug-2015 21:42:46 UTC] DEBUG: dni00000001R
[13-Aug-2015 21:42:46 UTC] DEBUG: letra R
[13-Aug-2015 21:42:46 UTC] DEBUG: numeros 00000001
[13-Aug-2015 21:42:46 UTC] DEBUG: dni00000001R
[13-Aug-2015 21:42:46 UTC] DEBUG: letra R
[13-Aug-2015 21:42:46 UTC] DEBUG: numeros 00000001
[13-Aug-2015 21:43:06 UTC] DEBUG: dni52334556y
[13-Aug-2015 21:43:06 UTC] DEBUG: letra y
[13-Aug-2015 21:43:06 UTC] DEBUG: numeros 52334556
[13-Aug-2015 21:43:17 UTC] DEBUG: dni523345456P
[13-Aug-2015 21:43:17 UTC] DEBUG: letra P
[13-Aug-2015 21:43:17 UTC] DEBUG: numeros 523345456
[13-Aug-2015 21:43:28 UTC] DEBUG: dni52428879b
[13-Aug-2015 21:43:28 UTC] DEBUG: letra b
[13-Aug-2015 21:43:28 UTC] DEBUG: numeros 52428879
[13-Aug-2015 21:43:37 UTC] DEBUG: dni52428879B
[13-Aug-2015 21:43:37 UTC] DEBUG: letra B
[13-Aug-2015 21:43:37 UTC] DEBUG: numeros 52428879
[13-Aug-2015 21:43:37 UTC] DEBUG: dni52428879B
[13-Aug-2015 21:43:37 UTC] DEBUG: letra B
[13-Aug-2015 21:43:37 UTC] DEBUG: numeros 52428879
[13-Aug-2015 21:43:37 UTC] DEBUG1: usuario-->armando interinos-->1
